<?xml version="1.0" encoding="UTF-8"?>
<testsuite name="com.example.senior.MainActivityTest" tests="1" skipped="0" failures="0" errors="0" timestamp="2024-03-05T18:38:54" hostname="PACKNEL87" time="0.004">
  <properties/>
  <testcase name="testCalculateBuildingBearing" classname="com.example.senior.MainActivityTest" time="0.004"/>
  <system-out><![CDATA[]]></system-out>
  <system-err><![CDATA[]]></system-err>
</testsuite>
